# JRE version: Java(TM) SE Runtime Environment (8.0_131-b11) (build 1.8.0_131-b11)
# Java VM: Java HotSpot(TM) 64-Bit Server VM (25.131-b11 mixed mode bsd-amd64 compressed oops)
Heap:
 PSYoungGen      total 642560K, used 47508K [0x0000000795580000, 0x00000007bfe00000, 0x00000007c0000000)
  eden space 622080K, 4% used [0x0000000795580000,0x0000000797032d48,0x00000007bb500000)
  from space 20480K, 98% used [0x00000007bb500000,0x00000007bc8b2458,0x00000007bc900000)
  to   space 36864K, 0% used [0x00000007bda00000,0x00000007bda00000,0x00000007bfe00000)
 ParOldGen       total 949760K, used 711085K [0x0000000740000000, 0x0000000779f80000, 0x0000000795580000)
  object space 949760K, 74% used [0x0000000740000000,0x000000076b66b680,0x0000000779f80000)
 Metaspace       used 171891K, capacity 193095K, committed 193944K, reserved 1216512K
  class space    used 21723K, capacity 27413K, committed 27568K, reserved 1048576K
GC Heap History (10 events):
Event: 1377960.343 GC heap before
{Heap before GC invocations=1778 (full 9):
 PSYoungGen      total 667136K, used 667123K [0x0000000795580000, 0x00000007c0000000, 0x00000007c0000000)
  eden space 641536K, 100% used [0x0000000795580000,0x00000007bc800000,0x00000007bc800000)
  from space 25600K, 99% used [0x00000007be680000,0x00000007bff7cc80,0x00000007bff80000)
  to   space 28672K, 0% used [0x00000007bc800000,0x00000007bc800000,0x00000007be400000)
 ParOldGen       total 949760K, used 706547K [0x0000000740000000, 0x0000000779f80000, 0x0000000795580000)
  object space 949760K, 74% used [0x0000000740000000,0x000000076b1fcfb8,0x0000000779f80000)
 Metaspace       used 171886K, capacity 193089K, committed 193944K, reserved 1216512K
  class space    used 21722K, capacity 27412K, committed 27568K, reserved 1048576K
Event: 1377960.590 GC heap after
Heap after GC invocations=1778 (full 9):
 PSYoungGen      total 670208K, used 28668K [0x0000000795580000, 0x00000007c0000000, 0x00000007c0000000)
  eden space 641536K, 0% used [0x0000000795580000,0x0000000795580000,0x00000007bc800000)
  from space 28672K, 99% used [0x00000007bc800000,0x00000007be3ff258,0x00000007be400000)
  to   space 28672K, 0% used [0x00000007be400000,0x00000007be400000,0x00000007c0000000)
 ParOldGen       total 949760K, used 708596K [0x0000000740000000, 0x0000000779f80000, 0x0000000795580000)
  object space 949760K, 74% used [0x0000000740000000,0x000000076b3fd0c8,0x0000000779f80000)
 Metaspace       used 171886K, capacity 193089K, committed 193944K, reserved 1216512K
  class space    used 21722K, capacity 27412K, committed 27568K, reserved 1048576K
}
Event: 1378182.365 GC heap before
{Heap before GC invocations=1779 (full 9):
 PSYoungGen      total 670208K, used 670204K [0x0000000795580000, 0x00000007c0000000, 0x00000007c0000000)
  eden space 641536K, 100% used [0x0000000795580000,0x00000007bc800000,0x00000007bc800000)
  from space 28672K, 99% used [0x00000007bc800000,0x00000007be3ff258,0x00000007be400000)
  to   space 28672K, 0% used [0x00000007be400000,0x00000007be400000,0x00000007c0000000)
 ParOldGen       total 949760K, used 708596K [0x0000000740000000, 0x0000000779f80000, 0x0000000795580000)
  object space 949760K, 74% used [0x0000000740000000,0x000000076b3fd0c8,0x0000000779f80000)
 Metaspace       used 171886K, capacity 193089K, committed 193944K, reserved 1216512K
  class space    used 21722K, capacity 27412K, committed 27568K, reserved 1048576K
Event: 1378182.458 GC heap after
Heap after GC invocations=1779 (full 9):
 PSYoungGen      total 656896K, used 28649K [0x0000000795580000, 0x00000007c0000000, 0x00000007c0000000)
  eden space 628224K, 0% used [0x0000000795580000,0x0000000795580000,0x00000007bbb00000)
  from space 28672K, 99% used [0x00000007be400000,0x00000007bfffa5c8,0x00000007c0000000)
  to   space 35328K, 0% used [0x00000007bbb00000,0x00000007bbb00000,0x00000007bdd80000)
 ParOldGen       total 949760K, used 709876K [0x0000000740000000, 0x0000000779f80000, 0x0000000795580000)
  object space 949760K, 74% used [0x0000000740000000,0x000000076b53d2c8,0x0000000779f80000)
 Metaspace       used 171886K, capacity 193089K, committed 193944K, reserved 1216512K
  class space    used 21722K, capacity 27412K, committed 27568K, reserved 1048576K
}
Event: 1378394.617 GC heap before
{Heap before GC invocations=1780 (full 9):
 PSYoungGen      total 656896K, used 656873K [0x0000000795580000, 0x00000007c0000000, 0x00000007c0000000)
  eden space 628224K, 100% used [0x0000000795580000,0x00000007bbb00000,0x00000007bbb00000)
  from space 28672K, 99% used [0x00000007be400000,0x00000007bfffa5c8,0x00000007c0000000)
  to   space 35328K, 0% used [0x00000007bbb00000,0x00000007bbb00000,0x00000007bdd80000)
 ParOldGen       total 949760K, used 709876K [0x0000000740000000, 0x0000000779f80000, 0x0000000795580000)
  object space 949760K, 74% used [0x0000000740000000,0x000000076b53d2c8,0x0000000779f80000)
 Metaspace       used 171890K, capacity 193095K, committed 193944K, reserved 1216512K
  class space    used 21723K, capacity 27413K, committed 27568K, reserved 1048576K
Event: 1378394.685 GC heap after
Heap after GC invocations=1780 (full 9):
 PSYoungGen      total 658432K, used 29981K [0x0000000795580000, 0x00000007c0000000, 0x00000007c0000000)
  eden space 628224K, 0% used [0x0000000795580000,0x0000000795580000,0x00000007bbb00000)
  from space 30208K, 99% used [0x00000007bbb00000,0x00000007bd8474a0,0x00000007bd880000)
  to   space 37376K, 0% used [0x00000007bdb80000,0x00000007bdb80000,0x00000007c0000000)
 ParOldGen       total 949760K, used 711085K [0x0000000740000000, 0x0000000779f80000, 0x0000000795580000)
  object space 949760K, 74% used [0x0000000740000000,0x000000076b66b680,0x0000000779f80000)
 Metaspace       used 171890K, capacity 193095K, committed 193944K, reserved 1216512K
  class space    used 21723K, capacity 27413K, committed 27568K, reserved 1048576K
}
Event: 1385341.777 GC heap before
{Heap before GC invocations=1781 (full 9):
 PSYoungGen      total 658432K, used 658205K [0x0000000795580000, 0x00000007c0000000, 0x00000007c0000000)
  eden space 628224K, 100% used [0x0000000795580000,0x00000007bbb00000,0x00000007bbb00000)
  from space 30208K, 99% used [0x00000007bbb00000,0x00000007bd8474a0,0x00000007bd880000)
  to   space 37376K, 0% used [0x00000007bdb80000,0x00000007bdb80000,0x00000007c0000000)
 ParOldGen       total 949760K, used 711085K [0x0000000740000000, 0x0000000779f80000, 0x0000000795580000)
  object space 949760K, 74% used [0x0000000740000000,0x000000076b66b680,0x0000000779f80000)
 Metaspace       used 171890K, capacity 193095K, committed 193944K, reserved 1216512K
  class space    used 21723K, capacity 27413K, committed 27568K, reserved 1048576K
Event: 1385342.385 GC heap after
Heap after GC invocations=1781 (full 9):
 PSYoungGen      total 659456K, used 27069K [0x0000000795580000, 0x00000007c0000000, 0x00000007c0000000)
  eden space 622080K, 0% used [0x0000000795580000,0x0000000795580000,0x00000007bb500000)
  from space 37376K, 72% used [0x00000007bdb80000,0x00000007bf5ef600,0x00000007c0000000)
  to   space 38400K, 0% used [0x00000007bb500000,0x00000007bb500000,0x00000007bda80000)
 ParOldGen       total 949760K, used 711085K [0x0000000740000000, 0x0000000779f80000, 0x0000000795580000)
  object space 949760K, 74% used [0x0000000740000000,0x000000076b66b680,0x0000000779f80000)
 Metaspace       used 171890K, capacity 193095K, committed 193944K, reserved 1216512K
  class space    used 21723K, capacity 27413K, committed 27568K, reserved 1048576K
}
Event: 1425194.260 GC heap before
{Heap before GC invocations=1782 (full 9):
 PSYoungGen      total 659456K, used 649149K [0x0000000795580000, 0x00000007c0000000, 0x00000007c0000000)
  eden space 622080K, 100% used [0x0000000795580000,0x00000007bb500000,0x00000007bb500000)
  from space 37376K, 72% used [0x00000007bdb80000,0x00000007bf5ef600,0x00000007c0000000)
  to   space 38400K, 0% used [0x00000007bb500000,0x00000007bb500000,0x00000007bda80000)
 ParOldGen       total 949760K, used 711085K [0x0000000740000000, 0x0000000779f80000, 0x0000000795580000)
  object space 949760K, 74% used [0x0000000740000000,0x000000076b66b680,0x0000000779f80000)
 Metaspace       used 171891K, capacity 193095K, committed 193944K, reserved 1216512K
  class space    used 21723K, capacity 27413K, committed 27568K, reserved 1048576K
Event: 1425195.008 GC heap after
Heap after GC invocations=1782 (full 9):
 PSYoungGen      total 642560K, used 20169K [0x0000000795580000, 0x00000007bfe00000, 0x00000007c0000000)
  eden space 622080K, 0% used [0x0000000795580000,0x0000000795580000,0x00000007bb500000)
  from space 20480K, 98% used [0x00000007bb500000,0x00000007bc8b2458,0x00000007bc900000)
  to   space 36864K, 0% used [0x00000007bda00000,0x00000007bda00000,0x00000007bfe00000)
 ParOldGen       total 949760K, used 711085K [0x0000000740000000, 0x0000000779f80000, 0x0000000795580000)
  object space 949760K, 74% used [0x0000000740000000,0x000000076b66b680,0x0000000779f80000)
 Metaspace       used 171891K, capacity 193095K, committed 193944K, reserved 1216512K
  class space    used 21723K, capacity 27413K, committed 27568K, reserved 1048576K
}

